frontend/android/app/build/intermediates/manifest_merge_blame_file/debug/processDebugMainManifest/manifest-merger-blame-debug-report.txt
1<?xml version="1.0" encoding="utf-8"?>
2<manifest xmlns:android="http://schemas.android.com/apk/res/android"
3    package="com.myapp.velocall"
4    android:versionCode="1"
5    android:versionName="1.0.0" >
6
7    <uses-sdk
8        android:minSdkVersion="24"
9        android:targetSdkVersion="36" />
10
11    <uses-permission android:name="android.permission.SYSTEM_ALERT_WINDOW" />
11-->src\main\AndroidManifest.xml:7:3-75
11-->src\main\AndroidManifest.xml:7:20-73
12    <uses-permission android:name="android.permission.CAMERA" />
12-->src\main\AndroidManifest.xml:2:3-62
12-->src\main\AndroidManifest.xml:2:20-60
13    <uses-permission android:name="android.permission.INTERNET" />
13-->src\main\AndroidManifest.xml:3:3-64
13-->src\main\AndroidManifest.xml:3:20-62
14    <uses-permission android:name="android.permission.MODIFY_AUDIO_SETTINGS" />
14-->src\main\AndroidManifest.xml:4:3-77
14-->src\main\AndroidManifest.xml:4:20-75
15    <uses-permission
15-->src\main\AndroidManifest.xml:5:3-77
16        android:name="android.permission.READ_EXTERNAL_STORAGE"
16-->src\main\AndroidManifest.xml:5:20-75
17        android:maxSdkVersion="32" />
17-->[BareExpo:expo.modules.image:3.0.8] AndroidManifest.xml:17:9-35
18    <uses-permission android:name="android.permission.RECORD_AUDIO" />
18-->src\main\AndroidManifest.xml:6:3-68
18-->src\main\AndroidManifest.xml:6:20-66
19    <uses-permission android:name="android.permission.VIBRATE" />
19-->src\main\AndroidManifest.xml:8:3-63
19-->src\main\AndroidManifest.xml:8:20-61
20    <uses-permission android:name="android.permission.WRITE_EXTERNAL_STORAGE" />
20-->src\main\AndroidManifest.xml:9:3-78
20-->src\main\AndroidManifest.xml:9:20-76
21
22    <queries>
22-->src\main\AndroidManifest.xml:10:3-16:13
23        <intent>
23-->src\main\AndroidManifest.xml:11:5-15:14
24            <action android:name="android.intent.action.VIEW" />
24-->src\main\AndroidManifest.xml:12:7-58
24-->src\main\AndroidManifest.xml:12:15-56
25
26            <category android:name="android.intent.category.BROWSABLE" />
26-->src\main\AndroidManifest.xml:13:7-67
26-->src\main\AndroidManifest.xml:13:17-65
27
28            <data android:scheme="https" />
28-->src\main\AndroidManifest.xml:14:7-37
28-->src\main\AndroidManifest.xml:14:13-35
29        </intent>
30        <intent>
30-->[:react-native-webview] AndroidManifest.xml:8:9-10:18
31            <action android:name="org.chromium.intent.action.PAY" />
31-->[:react-native-webview] AndroidManifest.xml:9:13-69
31-->[:react-native-webview] AndroidManifest.xml:9:21-66
32        </intent>
33        <intent>
33-->[:react-native-webview] AndroidManifest.xml:11:9-13:18
34            <action android:name="org.chromium.intent.action.IS_READY_TO_PAY" />
34-->[:react-native-webview] AndroidManifest.xml:12:13-81
34-->[:react-native-webview] AndroidManifest.xml:12:21-78
35        </intent>
36        <intent>
36-->[:react-native-webview] AndroidManifest.xml:14:9-16:18
37            <action android:name="org.chromium.intent.action.UPDATE_PAYMENT_DETAILS" />
37-->[:react-native-webview] AndroidManifest.xml:15:13-88
37-->[:react-native-webview] AndroidManifest.xml:15:21-85
38        </intent>
39
40        <package android:name="host.exp.exponent" />
40-->[:expo-dev-launcher] AndroidManifest.xml:8:9-53
40-->[:expo-dev-launcher] AndroidManifest.xml:8:18-50
41
42        <intent>
42-->[host.exp.exponent:expo.modules.webbrowser:15.0.7] AndroidManifest.xml:8:9-12:18
43
44            <!-- Required for opening tabs if targeting API 30 -->
45            <action android:name="android.support.customtabs.action.CustomTabsService" />
45-->[host.exp.exponent:expo.modules.webbrowser:15.0.7] AndroidManifest.xml:11:13-90
45-->[host.exp.exponent:expo.modules.webbrowser:15.0.7] AndroidManifest.xml:11:21-87
46        </intent>
47        <intent>
47-->[host.exp.exponent:expo.modules.imagepicker:17.0.8] AndroidManifest.xml:15:9-19:18
48
49            <!-- Required for picking images from the camera roll if targeting API 30 -->
50            <action android:name="android.media.action.IMAGE_CAPTURE" />
50-->[host.exp.exponent:expo.modules.imagepicker:17.0.8] AndroidManifest.xml:18:13-73
50-->[host.exp.exponent:expo.modules.imagepicker:17.0.8] AndroidManifest.xml:18:21-70
51        </intent>
52        <intent>
52-->[host.exp.exponent:expo.modules.imagepicker:17.0.8] AndroidManifest.xml:20:9-24:18
53
54            <!-- Required for picking images from the camera if targeting API 30 -->
55            <action android:name="android.media.action.ACTION_VIDEO_CAPTURE" />
55-->[host.exp.exponent:expo.modules.imagepicker:17.0.8] AndroidManifest.xml:23:13-80
55-->[host.exp.exponent:expo.modules.imagepicker:17.0.8] AndroidManifest.xml:23:21-77
56        </intent>
57        <intent>
57-->[androidx.camera:camera-extensions:1.5.0-rc01] AndroidManifest.xml:23:9-25:18
58            <action android:name="androidx.camera.extensions.action.VENDOR_ACTION" />
58-->[androidx.camera:camera-extensions:1.5.0-rc01] AndroidManifest.xml:24:13-86
58-->[androidx.camera:camera-extensions:1.5.0-rc01] AndroidManifest.xml:24:21-83
59        </intent>
60        <intent>
60-->[com.vanniktech:android-image-cropper:4.6.0] AndroidManifest.xml:8:9-14:18
61            <action android:name="android.intent.action.GET_CONTENT" />
61-->[com.vanniktech:android-image-cropper:4.6.0] AndroidManifest.xml:9:13-72
61-->[com.vanniktech:android-image-cropper:4.6.0] AndroidManifest.xml:9:21-69
62
63            <category android:name="android.intent.category.OPENABLE" />
63-->[com.vanniktech:android-image-cropper:4.6.0] AndroidManifest.xml:11:13-73
63-->[com.vanniktech:android-image-cropper:4.6.0] AndroidManifest.xml:11:23-70
64
65            <data android:mimeType="*/*" />
65-->src\main\AndroidManifest.xml:14:7-37
66        </intent>
67    </queries>
68    <!--
69  Allows Glide to monitor connectivity status and restart failed requests if users go from a
70  a disconnected to a connected network state.
71    -->
72    <uses-permission android:name="android.permission.ACCESS_NETWORK_STATE" />
72-->[BareExpo:expo.modules.image:3.0.8] AndroidManifest.xml:12:5-79
72-->[BareExpo:expo.modules.image:3.0.8] AndroidManifest.xml:12:22-76
73    <uses-permission android:name="android.permission.USE_BIOMETRIC" /> <!-- suppress DeprecatedClassUsageInspection -->
73-->[androidx.biometric:biometric:1.1.0] AndroidManifest.xml:24:5-72
73-->[androidx.biometric:biometric:1.1.0] AndroidManifest.xml:24:22-69
74    <uses-permission android:name="android.permission.USE_FINGERPRINT" />
74-->[androidx.biometric:biometric:1.1.0] AndroidManifest.xml:27:5-74
74-->[androidx.biometric:biometric:1.1.0] AndroidManifest.xml:27:22-71
75
76    <permission
76-->[androidx.core:core:1.16.0] AndroidManifest.xml:22:5-24:47
77        android:name="com.myapp.velocall.DYNAMIC_RECEIVER_NOT_EXPORTED_PERMISSION"
77-->[androidx.core:core:1.16.0] AndroidManifest.xml:23:9-81
78        android:protectionLevel="signature" />
78-->[androidx.core:core:1.16.0] AndroidManifest.xml:24:9-44
79
80    <uses-permission android:name="com.myapp.velocall.DYNAMIC_RECEIVER_NOT_EXPORTED_PERMISSION" />
80-->[androidx.core:core:1.16.0] AndroidManifest.xml:26:5-97
80-->[androidx.core:core:1.16.0] AndroidManifest.xml:26:22-94
81    <uses-permission android:name="com.google.android.finsky.permission.BIND_GET_INSTALL_REFERRER_SERVICE" />
81-->[com.android.installreferrer:installreferrer:2.2] AndroidManifest.xml:9:5-110
81-->[com.android.installreferrer:installreferrer:2.2] AndroidManifest.xml:9:22-107
82
83    <application
83-->src\main\AndroidManifest.xml:17:3-34:17
84        android:name="com.myapp.velocall.MainApplication"
84-->src\main\AndroidManifest.xml:17:16-47
85        android:allowBackup="true"
85-->src\main\AndroidManifest.xml:17:162-188
86        android:appComponentFactory="androidx.core.app.CoreComponentFactory"
86-->[androidx.core:core:1.16.0] AndroidManifest.xml:28:18-86
87        android:debuggable="true"
88        android:enableOnBackInvokedCallback="false"
88-->src\main\AndroidManifest.xml:17:248-291
89        android:extractNativeLibs="false"
90        android:icon="@mipmap/ic_launcher"
90-->src\main\AndroidManifest.xml:17:81-115
91        android:label="@string/app_name"
91-->src\main\AndroidManifest.xml:17:48-80
92        android:roundIcon="@mipmap/ic_launcher_round"
92-->src\main\AndroidManifest.xml:17:116-161
93        android:supportsRtl="true"
93-->src\main\AndroidManifest.xml:17:221-247
94        android:theme="@style/AppTheme"
94-->src\main\AndroidManifest.xml:17:189-220
95        android:usesCleartextTraffic="true" >
95-->src\debug\AndroidManifest.xml:6:18-53
96        <meta-data
96-->src\main\AndroidManifest.xml:18:5-83
97            android:name="expo.modules.updates.ENABLED"
97-->src\main\AndroidManifest.xml:18:16-59
98            android:value="false" />
98-->src\main\AndroidManifest.xml:18:60-81
99        <meta-data
99-->src\main\AndroidManifest.xml:19:5-105
100            android:name="expo.modules.updates.EXPO_UPDATES_CHECK_ON_LAUNCH"
100-->src\main\AndroidManifest.xml:19:16-80
101            android:value="ALWAYS" />
101-->src\main\AndroidManifest.xml:19:81-103
102        <meta-data
102-->src\main\AndroidManifest.xml:20:5-99
103            android:name="expo.modules.updates.EXPO_UPDATES_LAUNCH_WAIT_MS"
103-->src\main\AndroidManifest.xml:20:16-79
104            android:value="0" />
104-->src\main\AndroidManifest.xml:20:80-97
105
106        <activity
106-->src\main\AndroidManifest.xml:21:5-33:16
107            android:name="com.myapp.velocall.MainActivity"
107-->src\main\AndroidManifest.xml:21:15-43
108            android:configChanges="keyboard|keyboardHidden|orientation|screenSize|screenLayout|uiMode"
108-->src\main\AndroidManifest.xml:21:44-134
109            android:exported="true"
109-->src\main\AndroidManifest.xml:21:256-279
110            android:launchMode="singleTask"
110-->src\main\AndroidManifest.xml:21:135-166
111            android:theme="@style/Theme.App.SplashScreen"
111-->src\main\AndroidManifest.xml:21:210-255
112            android:windowSoftInputMode="adjustResize" >
112-->src\main\AndroidManifest.xml:21:167-209
113            <intent-filter>
113-->src\main\AndroidManifest.xml:22:7-25:23
114                <action android:name="android.intent.action.MAIN" />
114-->src\main\AndroidManifest.xml:23:9-60
114-->src\main\AndroidManifest.xml:23:17-58
115
116                <category android:name="android.intent.category.LAUNCHER" />
116-->src\main\AndroidManifest.xml:24:9-68
116-->src\main\AndroidManifest.xml:24:19-66
117            </intent-filter>
118            <intent-filter>
118-->src\main\AndroidManifest.xml:26:7-32:23
119                <action android:name="android.intent.action.VIEW" />
119-->src\main\AndroidManifest.xml:12:7-58
119-->src\main\AndroidManifest.xml:12:15-56
120
121                <category android:name="android.intent.category.DEFAULT" />
121-->src\main\AndroidManifest.xml:28:9-67
121-->src\main\AndroidManifest.xml:28:19-65
122                <category android:name="android.intent.category.BROWSABLE" />
122-->src\main\AndroidManifest.xml:13:7-67
122-->src\main\AndroidManifest.xml:13:17-65
123
124                <data android:scheme="myapp" />
124-->src\main\AndroidManifest.xml:14:7-37
124-->src\main\AndroidManifest.xml:14:13-35
125                <data android:scheme="exp+my-app" />
125-->src\main\AndroidManifest.xml:14:7-37
125-->src\main\AndroidManifest.xml:14:13-35
126            </intent-filter>
127        </activity>
128
129        <provider
129-->[:react-native-webview] AndroidManifest.xml:20:9-28:20
130            android:name="com.reactnativecommunity.webview.RNCWebViewFileProvider"
130-->[:react-native-webview] AndroidManifest.xml:21:13-83
131            android:authorities="com.myapp.velocall.fileprovider"
131-->[:react-native-webview] AndroidManifest.xml:22:13-64
132            android:exported="false"
132-->[:react-native-webview] AndroidManifest.xml:23:13-37
133            android:grantUriPermissions="true" >
133-->[:react-native-webview] AndroidManifest.xml:24:13-47
134            <meta-data
134-->[:react-native-webview] AndroidManifest.xml:25:13-27:63
135                android:name="android.support.FILE_PROVIDER_PATHS"
135-->[:react-native-webview] AndroidManifest.xml:26:17-67
136                android:resource="@xml/file_provider_paths" />
136-->[:react-native-webview] AndroidManifest.xml:27:17-60
137        </provider>
138
139        <service
139-->[:react-native-webrtc] AndroidManifest.xml:9:9-12:19
140            android:name="com.oney.WebRTCModule.MediaProjectionService"
140-->[:react-native-webrtc] AndroidManifest.xml:10:13-72
141            android:foregroundServiceType="mediaProjection" >
141-->[:react-native-webrtc] AndroidManifest.xml:11:13-60
142        </service>
143
144        <activity
144-->[:expo-dev-launcher] AndroidManifest.xml:12:9-16:75
145            android:name="expo.modules.devlauncher.launcher.DevLauncherActivity"
145-->[:expo-dev-launcher] AndroidManifest.xml:13:13-81
146            android:exported="true"
146-->[:expo-dev-launcher] AndroidManifest.xml:14:13-36
147            android:launchMode="singleTask"
147-->[:expo-dev-launcher] AndroidManifest.xml:15:13-44
148            android:theme="@style/Theme.AppCompat.DayNight.NoActionBar" />
148-->[:expo-dev-launcher] AndroidManifest.xml:16:13-72
149        <activity
149-->[:expo-dev-launcher] AndroidManifest.xml:17:9-30:20
150            android:name="expo.modules.devlauncher.compose.AuthActivity"
150-->[:expo-dev-launcher] AndroidManifest.xml:18:13-73
151            android:exported="true"
151-->[:expo-dev-launcher] AndroidManifest.xml:19:13-36
152            android:launchMode="singleTask"
152-->[:expo-dev-launcher] AndroidManifest.xml:20:13-44
153            android:theme="@style/Theme.AppCompat.DayNight.NoActionBar" >
153-->[:expo-dev-launcher] AndroidManifest.xml:21:13-72
154            <intent-filter>
154-->[:expo-dev-launcher] AndroidManifest.xml:22:13-29:29
155                <action android:name="android.intent.action.VIEW" />
155-->src\main\AndroidManifest.xml:12:7-58
155-->src\main\AndroidManifest.xml:12:15-56
156
157                <category android:name="android.intent.category.DEFAULT" />
157-->src\main\AndroidManifest.xml:28:9-67
157-->src\main\AndroidManifest.xml:28:19-65
158                <category android:name="android.intent.category.BROWSABLE" />
158-->src\main\AndroidManifest.xml:13:7-67
158-->src\main\AndroidManifest.xml:13:17-65
159
160                <data android:scheme="expo-dev-launcher" />
160-->src\main\AndroidManifest.xml:14:7-37
160-->src\main\AndroidManifest.xml:14:13-35
161            </intent-filter>
162        </activity>
163        <activity
163-->[:expo-dev-launcher] AndroidManifest.xml:31:9-34:70
164            android:name="expo.modules.devlauncher.launcher.errors.DevLauncherErrorActivity"
164-->[:expo-dev-launcher] AndroidManifest.xml:32:13-93
165            android:screenOrientation="portrait"
165-->[:expo-dev-launcher] AndroidManifest.xml:33:13-49
166            android:theme="@style/Theme.DevLauncher.ErrorActivity" />
166-->[:expo-dev-launcher] AndroidManifest.xml:34:13-67
167
168        <meta-data
168-->[:expo-dev-launcher] AndroidManifest.xml:36:9-38:42
169            android:name="com.google.mlkit.vision.DEPENDENCIES"
169-->[:expo-dev-launcher] AndroidManifest.xml:37:13-64
170            android:value="barcode_ui" />
170-->[:expo-dev-launcher] AndroidManifest.xml:38:13-39
171        <meta-data
171-->[:expo-modules-core] AndroidManifest.xml:9:9-11:89
172            android:name="org.unimodules.core.AppLoader#react-native-headless"
172-->[:expo-modules-core] AndroidManifest.xml:10:13-79
173            android:value="expo.modules.adapters.react.apploader.RNHeadlessAppLoader" />
173-->[:expo-modules-core] AndroidManifest.xml:11:13-86
174        <meta-data
174-->[:expo-modules-core] AndroidManifest.xml:12:9-15:45
175            android:name="com.facebook.soloader.enabled"
175-->[:expo-modules-core] AndroidManifest.xml:13:13-57
176            android:value="true" />
176-->[:expo-modules-core] AndroidManifest.xml:14:13-33
177
178        <activity
178-->[com.facebook.react:react-android:0.81.4] AndroidManifest.xml:19:9-21:40
179            android:name="com.facebook.react.devsupport.DevSettingsActivity"
179-->[com.facebook.react:react-android:0.81.4] AndroidManifest.xml:20:13-77
180            android:exported="false" />
180-->[com.facebook.react:react-android:0.81.4] AndroidManifest.xml:21:13-37
181
182        <provider
182-->[host.exp.exponent:expo.modules.clipboard:8.0.7] AndroidManifest.xml:8:9-15:20
183            android:name="expo.modules.clipboard.ClipboardFileProvider"
183-->[host.exp.exponent:expo.modules.clipboard:8.0.7] AndroidManifest.xml:9:13-72
184            android:authorities="com.myapp.velocall.ClipboardFileProvider"
184-->[host.exp.exponent:expo.modules.clipboard:8.0.7] AndroidManifest.xml:10:13-73
185            android:exported="true" >
185-->[host.exp.exponent:expo.modules.clipboard:8.0.7] AndroidManifest.xml:11:13-36
186            <meta-data
186-->[host.exp.exponent:expo.modules.clipboard:8.0.7] AndroidManifest.xml:12:13-14:68
187                android:name="expo.modules.clipboard.CLIPBOARD_FILE_PROVIDER_PATHS"
187-->[host.exp.exponent:expo.modules.clipboard:8.0.7] AndroidManifest.xml:13:17-84
188                android:resource="@xml/clipboard_provider_paths" />
188-->[host.exp.exponent:expo.modules.clipboard:8.0.7] AndroidManifest.xml:14:17-65
189        </provider>
190
191        <service
191-->[host.exp.exponent:expo.modules.imagepicker:17.0.8] AndroidManifest.xml:28:9-40:19
192            android:name="com.google.android.gms.metadata.ModuleDependencies"
192-->[host.exp.exponent:expo.modules.imagepicker:17.0.8] AndroidManifest.xml:29:13-78
193            android:enabled="false"
193-->[host.exp.exponent:expo.modules.imagepicker:17.0.8] AndroidManifest.xml:30:13-36
194            android:exported="false" >
194-->[host.exp.exponent:expo.modules.imagepicker:17.0.8] AndroidManifest.xml:31:13-37
195            <intent-filter>
195-->[host.exp.exponent:expo.modules.imagepicker:17.0.8] AndroidManifest.xml:33:13-35:29
196                <action android:name="com.google.android.gms.metadata.MODULE_DEPENDENCIES" />
196-->[host.exp.exponent:expo.modules.imagepicker:17.0.8] AndroidManifest.xml:34:17-94
196-->[host.exp.exponent:expo.modules.imagepicker:17.0.8] AndroidManifest.xml:34:25-91
197            </intent-filter>
198
199            <meta-data
199-->[host.exp.exponent:expo.modules.imagepicker:17.0.8] AndroidManifest.xml:37:13-39:36
200                android:name="photopicker_activity:0:required"
200-->[host.exp.exponent:expo.modules.imagepicker:17.0.8] AndroidManifest.xml:38:17-63
201                android:value="" />
201-->[host.exp.exponent:expo.modules.imagepicker:17.0.8] AndroidManifest.xml:39:17-33
202        </service>
203
204        <activity
204-->[host.exp.exponent:expo.modules.imagepicker:17.0.8] AndroidManifest.xml:42:9-46:48
205            android:name="expo.modules.imagepicker.ExpoCropImageActivity"
205-->[host.exp.exponent:expo.modules.imagepicker:17.0.8] AndroidManifest.xml:43:13-74
206            android:exported="false"
206-->[host.exp.exponent:expo.modules.imagepicker:17.0.8] AndroidManifest.xml:44:13-37
207            android:theme="@style/Base.Theme.AppCompat" /> <!-- https://developer.android.com/guide/topics/manifest/provider-element.html -->
207-->[host.exp.exponent:expo.modules.imagepicker:17.0.8] AndroidManifest.xml:45:13-56
208        <provider
208-->[host.exp.exponent:expo.modules.imagepicker:17.0.8] AndroidManifest.xml:48:9-56:20
209            android:name="expo.modules.imagepicker.fileprovider.ImagePickerFileProvider"
209-->[host.exp.exponent:expo.modules.imagepicker:17.0.8] AndroidManifest.xml:49:13-89
210            android:authorities="com.myapp.velocall.ImagePickerFileProvider"
210-->[host.exp.exponent:expo.modules.imagepicker:17.0.8] AndroidManifest.xml:50:13-75
211            android:exported="false"
211-->[host.exp.exponent:expo.modules.imagepicker:17.0.8] AndroidManifest.xml:51:13-37
212            android:grantUriPermissions="true" >
212-->[host.exp.exponent:expo.modules.imagepicker:17.0.8] AndroidManifest.xml:52:13-47
213            <meta-data
213-->[:react-native-webview] AndroidManifest.xml:25:13-27:63
214                android:name="android.support.FILE_PROVIDER_PATHS"
214-->[:react-native-webview] AndroidManifest.xml:26:17-67
215                android:resource="@xml/image_picker_provider_paths" />
215-->[:react-native-webview] AndroidManifest.xml:27:17-60
216        </provider>
217
218        <uses-library
218-->[androidx.camera:camera-extensions:1.5.0-rc01] AndroidManifest.xml:29:9-31:40
219            android:name="androidx.camera.extensions.impl"
219-->[androidx.camera:camera-extensions:1.5.0-rc01] AndroidManifest.xml:30:13-59
220            android:required="false" />
220-->[androidx.camera:camera-extensions:1.5.0-rc01] AndroidManifest.xml:31:13-37
221
222        <service
222-->[androidx.camera:camera-camera2:1.5.0-rc01] AndroidManifest.xml:24:9-33:19
223            android:name="androidx.camera.core.impl.MetadataHolderService"
223-->[androidx.camera:camera-camera2:1.5.0-rc01] AndroidManifest.xml:25:13-75
224            android:enabled="false"
224-->[androidx.camera:camera-camera2:1.5.0-rc01] AndroidManifest.xml:26:13-36
225            android:exported="false" >
225-->[androidx.camera:camera-camera2:1.5.0-rc01] AndroidManifest.xml:27:13-37
226            <meta-data
226-->[androidx.camera:camera-camera2:1.5.0-rc01] AndroidManifest.xml:30:13-32:89
227                android:name="androidx.camera.core.impl.MetadataHolderService.DEFAULT_CONFIG_PROVIDER"
227-->[androidx.camera:camera-camera2:1.5.0-rc01] AndroidManifest.xml:31:17-103
228                android:value="androidx.camera.camera2.Camera2Config$DefaultProvider" />
228-->[androidx.camera:camera-camera2:1.5.0-rc01] AndroidManifest.xml:32:17-86
229        </service>
230
231        <provider
231-->[com.vanniktech:android-image-cropper:4.6.0] AndroidManifest.xml:21:9-29:20
232            android:name="com.canhub.cropper.CropFileProvider"
232-->[com.vanniktech:android-image-cropper:4.6.0] AndroidManifest.xml:22:13-63
233            android:authorities="com.myapp.velocall.cropper.fileprovider"
233-->[com.vanniktech:android-image-cropper:4.6.0] AndroidManifest.xml:23:13-72
234            android:exported="false"
234-->[com.vanniktech:android-image-cropper:4.6.0] AndroidManifest.xml:24:13-37
235            android:grantUriPermissions="true" >
235-->[com.vanniktech:android-image-cropper:4.6.0] AndroidManifest.xml:25:13-47
236            <meta-data
236-->[:react-native-webview] AndroidManifest.xml:25:13-27:63
237                android:name="android.support.FILE_PROVIDER_PATHS"
237-->[:react-native-webview] AndroidManifest.xml:26:17-67
238                android:resource="@xml/library_file_paths" />
238-->[:react-native-webview] AndroidManifest.xml:27:17-60
239        </provider>
240
241        <activity
241-->[com.vanniktech:android-image-cropper:4.6.0] AndroidManifest.xml:31:9-33:39
242            android:name="com.canhub.cropper.CropImageActivity"
242-->[com.vanniktech:android-image-cropper:4.6.0] AndroidManifest.xml:32:13-64
243            android:exported="true" />
243-->[com.vanniktech:android-image-cropper:4.6.0] AndroidManifest.xml:33:13-36
244        <!--
245        This activity is an invisible delegate activity to start scanner activity
246        and receive result, so it's unnecessary to support screen orientation and
247        we can avoid any side effect from activity recreation in any case.
248        -->
249        <activity
249-->[com.google.android.gms:play-services-code-scanner:16.1.0] AndroidManifest.xml:15:9-20:20
250            android:name="com.google.mlkit.vision.codescanner.internal.GmsBarcodeScanningDelegateActivity"
250-->[com.google.android.gms:play-services-code-scanner:16.1.0] AndroidManifest.xml:16:13-107
251            android:exported="false"
251-->[com.google.android.gms:play-services-code-scanner:16.1.0] AndroidManifest.xml:17:13-37
252            android:screenOrientation="portrait" >
252-->[com.google.android.gms:play-services-code-scanner:16.1.0] AndroidManifest.xml:18:13-49
253        </activity>
254
255        <service
255-->[com.google.android.gms:play-services-mlkit-barcode-scanning:18.3.1] AndroidManifest.xml:9:9-15:19
256            android:name="com.google.mlkit.common.internal.MlKitComponentDiscoveryService"
256-->[com.google.android.gms:play-services-mlkit-barcode-scanning:18.3.1] AndroidManifest.xml:10:13-91
257            android:directBootAware="true"
257-->[com.google.mlkit:common:18.11.0] AndroidManifest.xml:17:13-43
258            android:exported="false" >
258-->[com.google.android.gms:play-services-mlkit-barcode-scanning:18.3.1] AndroidManifest.xml:11:13-37
259            <meta-data
259-->[com.google.android.gms:play-services-mlkit-barcode-scanning:18.3.1] AndroidManifest.xml:12:13-14:85
260                android:name="com.google.firebase.components:com.google.mlkit.vision.barcode.internal.BarcodeRegistrar"
260-->[com.google.android.gms:play-services-mlkit-barcode-scanning:18.3.1] AndroidManifest.xml:13:17-120
261                android:value="com.google.firebase.components.ComponentRegistrar" />
261-->[com.google.android.gms:play-services-mlkit-barcode-scanning:18.3.1] AndroidManifest.xml:14:17-82
262            <meta-data
262-->[com.google.mlkit:vision-common:17.3.0] AndroidManifest.xml:12:13-14:85
263                android:name="com.google.firebase.components:com.google.mlkit.vision.common.internal.VisionCommonRegistrar"
263-->[com.google.mlkit:vision-common:17.3.0] AndroidManifest.xml:13:17-124
264                android:value="com.google.firebase.components.ComponentRegistrar" />
264-->[com.google.mlkit:vision-common:17.3.0] AndroidManifest.xml:14:17-82
265            <meta-data
265-->[com.google.mlkit:common:18.11.0] AndroidManifest.xml:20:13-22:85
266                android:name="com.google.firebase.components:com.google.mlkit.common.internal.CommonComponentRegistrar"
266-->[com.google.mlkit:common:18.11.0] AndroidManifest.xml:21:17-120
267                android:value="com.google.firebase.components.ComponentRegistrar" />
267-->[com.google.mlkit:common:18.11.0] AndroidManifest.xml:22:17-82
268        </service>
269
270        <provider
270-->[com.google.mlkit:common:18.11.0] AndroidManifest.xml:9:9-13:38
271            android:name="com.google.mlkit.common.internal.MlKitInitProvider"
271-->[com.google.mlkit:common:18.11.0] AndroidManifest.xml:10:13-78
272            android:authorities="com.myapp.velocall.mlkitinitprovider"
272-->[com.google.mlkit:common:18.11.0] AndroidManifest.xml:11:13-69
273            android:exported="false"
273-->[com.google.mlkit:common:18.11.0] AndroidManifest.xml:12:13-37
274            android:initOrder="99" />
274-->[com.google.mlkit:common:18.11.0] AndroidManifest.xml:13:13-35
275
276        <meta-data
276-->[com.github.bumptech.glide:okhttp3-integration:4.11.0] AndroidManifest.xml:11:9-13:43
277            android:name="com.bumptech.glide.integration.okhttp3.OkHttpGlideModule"
277-->[com.github.bumptech.glide:okhttp3-integration:4.11.0] AndroidManifest.xml:12:13-84
278            android:value="GlideModule" />
278-->[com.github.bumptech.glide:okhttp3-integration:4.11.0] AndroidManifest.xml:13:13-40
279
280        <activity
280-->[com.google.android.gms:play-services-base:18.5.0] AndroidManifest.xml:5:9-173
281            android:name="com.google.android.gms.common.api.GoogleApiActivity"
281-->[com.google.android.gms:play-services-base:18.5.0] AndroidManifest.xml:5:19-85
282            android:exported="false"
282-->[com.google.android.gms:play-services-base:18.5.0] AndroidManifest.xml:5:146-170
283            android:theme="@android:style/Theme.Translucent.NoTitleBar" />
283-->[com.google.android.gms:play-services-base:18.5.0] AndroidManifest.xml:5:86-145
284
285        <meta-data
285-->[com.google.android.gms:play-services-basement:18.4.0] AndroidManifest.xml:6:9-122
286            android:name="com.google.android.gms.version"
286-->[com.google.android.gms:play-services-basement:18.4.0] AndroidManifest.xml:6:20-65
287            android:value="@integer/google_play_services_version" />
287-->[com.google.android.gms:play-services-basement:18.4.0] AndroidManifest.xml:6:66-119
288
289        <activity
289-->[androidx.compose.ui:ui-tooling-android:1.9.0] AndroidManifest.xml:23:9-25:39
290            android:name="androidx.compose.ui.tooling.PreviewActivity"
290-->[androidx.compose.ui:ui-tooling-android:1.9.0] AndroidManifest.xml:24:13-71
291            android:exported="true" />
291-->[androidx.compose.ui:ui-tooling-android:1.9.0] AndroidManifest.xml:25:13-36
292
293        <provider
293-->[androidx.emoji2:emoji2:1.4.0] AndroidManifest.xml:24:9-32:20
294            android:name="androidx.startup.InitializationProvider"
294-->[androidx.emoji2:emoji2:1.4.0] AndroidManifest.xml:25:13-67
295            android:authorities="com.myapp.velocall.androidx-startup"
295-->[androidx.emoji2:emoji2:1.4.0] AndroidManifest.xml:26:13-68
296            android:exported="false" >
296-->[androidx.emoji2:emoji2:1.4.0] AndroidManifest.xml:27:13-37
297            <meta-data
297-->[androidx.emoji2:emoji2:1.4.0] AndroidManifest.xml:29:13-31:52
298                android:name="androidx.emoji2.text.EmojiCompatInitializer"
298-->[androidx.emoji2:emoji2:1.4.0] AndroidManifest.xml:30:17-75
299                android:value="androidx.startup" />
299-->[androidx.emoji2:emoji2:1.4.0] AndroidManifest.xml:31:17-49
300            <meta-data
300-->[androidx.lifecycle:lifecycle-process:2.9.0] AndroidManifest.xml:29:13-31:52
301                android:name="androidx.lifecycle.ProcessLifecycleInitializer"
301-->[androidx.lifecycle:lifecycle-process:2.9.0] AndroidManifest.xml:30:17-78
302                android:value="androidx.startup" />